<?xml version="1.0" encoding="UTF-8"?>
<testng-results skipped="0" failed="0" total="1" passed="1">
  <reporter-output>
  </reporter-output>
  <suite name="Default suite" duration-ms="10550" started-at="2014-08-04T08:55:23Z" finished-at="2014-08-04T08:55:34Z">
    <groups>
    </groups>
    <test name="Default test" duration-ms="10550" started-at="2014-08-04T08:55:23Z" finished-at="2014-08-04T08:55:34Z">
      <class name="com.ucard.rop.test.UserServiceTest">
        <test-method status="PASS" signature="testLoginad()[pri:0, instance:com.ucard.rop.test.UserServiceTest@329f3d]" name="testLoginad" duration-ms="10536" started-at="2014-08-04T16:55:23Z" finished-at="2014-08-04T16:55:34Z">
          <reporter-output>
          </reporter-output>
        </test-method> <!-- testLoginad -->
      </class> <!-- com.ucard.rop.test.UserServiceTest -->
    </test> <!-- Default test -->
  </suite> <!-- Default suite -->
</testng-results>
